<?xml version="1.0" encoding="UTF-8"?>
<testng-results skipped="0" failed="5" ignored="0" total="18" passed="13">
  <reporter-output>
  </reporter-output>
  <suite name="FunctionalSuite" duration-ms="147858" started-at="2023-02-22T18:24:20Z" finished-at="2023-02-22T18:26:48Z">
    <groups>
    </groups>
    <test name="Test" duration-ms="147858" started-at="2023-02-22T18:24:20Z" finished-at="2023-02-22T18:26:48Z">
      <class name="testCases.Tc015_JavaScriptAlertsTest">
        <test-method status="PASS" signature="setup()[pri:0, instance:testCases.Tc015_JavaScriptAlertsTest@10636b0]" name="setup" is-config="true" duration-ms="5317" started-at="2023-02-22T18:26:23Z" finished-at="2023-02-22T18:26:28Z">
          <reporter-output>
          </reporter-output>
        </test-method> <!-- setup -->
        <test-method status="FAIL" signature="JavaScriptAlertsTest()[pri:0, instance:testCases.Tc015_JavaScriptAlertsTest@10636b0]" name="JavaScriptAlertsTest" duration-ms="36" started-at="2023-02-22T18:26:28Z" finished-at="2023-02-22T18:26:28Z">
          <exception class="org.openqa.selenium.NoAlertPresentException">
            <message>
              <![CDATA[no such alert
  (Session info: chrome=110.0.5481.104)
Build info: version: '3.141.59', revision: 'e82be7d358', time: '2018-11-14T08:17:03'
System info: host: 'DESKTOP-Q3OL5F5', ip: '192.168.2.19', os.name: 'Windows 11', os.arch: 'x86', os.version: '10.0', java.version: '1.8.0_341'
Driver info: org.openqa.selenium.chrome.ChromeDriver
Capabilities {acceptInsecureCerts: false, browserName: chrome, browserVersion: 110.0.5481.104, chrome: {chromedriverVersion: 110.0.5481.77 (65ed616c6e8e..., userDataDir: C:\Users\rarav\AppData\Loca...}, goog:chromeOptions: {debuggerAddress: localhost:59217}, javascriptEnabled: true, networkConnectionEnabled: false, pageLoadStrategy: normal, platform: WINDOWS, platformName: WINDOWS, proxy: Proxy(), setWindowRect: true, strictFileInteractability: false, timeouts: {implicit: 0, pageLoad: 300000, script: 30000}, unhandledPromptBehavior: dismiss and notify, webauthn:extension:credBlob: true, webauthn:extension:largeBlob: true, webauthn:virtualAuthenticators: true}
Session ID: a51eabd901394b6acb46fca1cf3ff919]]>
            </message>
            <full-stacktrace>
              <![CDATA[org.openqa.selenium.NoAlertPresentException: no such alert
  (Session info: chrome=110.0.5481.104)
Build info: version: '3.141.59', revision: 'e82be7d358', time: '2018-11-14T08:17:03'
System info: host: 'DESKTOP-Q3OL5F5', ip: '192.168.2.19', os.name: 'Windows 11', os.arch: 'x86', os.version: '10.0', java.version: '1.8.0_341'
Driver info: org.openqa.selenium.chrome.ChromeDriver
Capabilities {acceptInsecureCerts: false, browserName: chrome, browserVersion: 110.0.5481.104, chrome: {chromedriverVersion: 110.0.5481.77 (65ed616c6e8e..., userDataDir: C:\Users\rarav\AppData\Loca...}, goog:chromeOptions: {debuggerAddress: localhost:59217}, javascriptEnabled: true, networkConnectionEnabled: false, pageLoadStrategy: normal, platform: WINDOWS, platformName: WINDOWS, proxy: Proxy(), setWindowRect: true, strictFileInteractability: false, timeouts: {implicit: 0, pageLoad: 300000, script: 30000}, unhandledPromptBehavior: dismiss and notify, webauthn:extension:credBlob: true, webauthn:extension:largeBlob: true, webauthn:virtualAuthenticators: true}
Session ID: a51eabd901394b6acb46fca1cf3ff919
at sun.reflect.NativeConstructorAccessorImpl.newInstance0(Native Method)
at sun.reflect.NativeConstructorAccessorImpl.newInstance(Unknown Source)
at sun.reflect.DelegatingConstructorAccessorImpl.newInstance(Unknown Source)
at java.lang.reflect.Constructor.newInstance(Unknown Source)
at org.openqa.selenium.remote.http.W3CHttpResponseCodec.createException(W3CHttpResponseCodec.java:187)
at org.openqa.selenium.remote.http.W3CHttpResponseCodec.decode(W3CHttpResponseCodec.java:122)
at org.openqa.selenium.remote.http.W3CHttpResponseCodec.decode(W3CHttpResponseCodec.java:49)
at org.openqa.selenium.remote.HttpCommandExecutor.execute(HttpCommandExecutor.java:158)
at org.openqa.selenium.remote.service.DriverCommandExecutor.execute(DriverCommandExecutor.java:83)
at org.openqa.selenium.remote.RemoteWebDriver.execute(RemoteWebDriver.java:552)
at org.openqa.selenium.remote.RemoteWebDriver.execute(RemoteWebDriver.java:609)
at org.openqa.selenium.remote.RemoteWebDriver$RemoteTargetLocator.alert(RemoteWebDriver.java:932)
at baseClass.baseutils.HandlingAlert(baseutils.java:171)
at pageObjects.JavaScriptAlertsPage.JsAlert(JavaScriptAlertsPage.java:34)
at testCases.Tc015_JavaScriptAlertsTest.JavaScriptAlertsTest(Tc015_JavaScriptAlertsTest.java:29)
at sun.reflect.NativeMethodAccessorImpl.invoke0(Native Method)
at sun.reflect.NativeMethodAccessorImpl.invoke(Unknown Source)
at sun.reflect.DelegatingMethodAccessorImpl.invoke(Unknown Source)
at java.lang.reflect.Method.invoke(Unknown Source)
at org.testng.internal.MethodInvocationHelper.invokeMethod(MethodInvocationHelper.java:124)
at org.testng.internal.Invoker.invokeMethod(Invoker.java:583)
at org.testng.internal.Invoker.invokeTestMethod(Invoker.java:719)
at org.testng.internal.Invoker.invokeTestMethods(Invoker.java:989)
at org.testng.internal.TestMethodWorker.invokeTestMethods(TestMethodWorker.java:125)
at org.testng.internal.TestMethodWorker.run(TestMethodWorker.java:109)
at org.testng.TestRunner.privateRun(TestRunner.java:648)
at org.testng.TestRunner.run(TestRunner.java:505)
at org.testng.SuiteRunner.runTest(SuiteRunner.java:455)
at org.testng.SuiteRunner.runSequentially(SuiteRunner.java:450)
at org.testng.SuiteRunner.privateRun(SuiteRunner.java:415)
at org.testng.SuiteRunner.run(SuiteRunner.java:364)
at org.testng.SuiteRunnerWorker.runSuite(SuiteRunnerWorker.java:52)
at org.testng.SuiteRunnerWorker.run(SuiteRunnerWorker.java:84)
at org.testng.TestNG.runSuitesSequentially(TestNG.java:1208)
at org.testng.TestNG.runSuitesLocally(TestNG.java:1137)
at org.testng.TestNG.runSuites(TestNG.java:1049)
at org.testng.TestNG.run(TestNG.java:1017)
at org.apache.maven.surefire.testng.TestNGExecutor.run(TestNGExecutor.java:284)
at org.apache.maven.surefire.testng.TestNGXmlTestSuite.execute(TestNGXmlTestSuite.java:75)
at org.apache.maven.surefire.testng.TestNGProvider.invoke(TestNGProvider.java:119)
at org.apache.maven.surefire.booter.ForkedBooter.runSuitesInProcess(ForkedBooter.java:428)
at org.apache.maven.surefire.booter.ForkedBooter.execute(ForkedBooter.java:162)
at org.apache.maven.surefire.booter.ForkedBooter.run(ForkedBooter.java:562)
at org.apache.maven.surefire.booter.ForkedBooter.main(ForkedBooter.java:548)
]]>
            </full-stacktrace>
          </exception> <!-- org.openqa.selenium.NoAlertPresentException -->
          <reporter-output>
          </reporter-output>
        </test-method> <!-- JavaScriptAlertsTest -->
      </class> <!-- testCases.Tc015_JavaScriptAlertsTest -->
      <class name="testCases.Tc002_LoginFailure">
        <test-method status="PASS" signature="setup()[pri:0, instance:testCases.Tc002_LoginFailure@11bf319]" name="setup" is-config="true" duration-ms="2099" started-at="2023-02-22T18:24:24Z" finished-at="2023-02-22T18:24:26Z">
          <reporter-output>
          </reporter-output>
        </test-method> <!-- setup -->
        <test-method status="PASS" signature="LoginFailure()[pri:0, instance:testCases.Tc002_LoginFailure@11bf319]" name="LoginFailure" duration-ms="892" started-at="2023-02-22T18:24:26Z" finished-at="2023-02-22T18:24:27Z">
          <reporter-output>
          </reporter-output>
        </test-method> <!-- LoginFailure -->
      </class> <!-- testCases.Tc002_LoginFailure -->
      <class name="testCases.Tc014_MouseHoverTest">
        <test-method status="PASS" signature="setup()[pri:0, instance:testCases.Tc014_MouseHoverTest@b107fd]" name="setup" is-config="true" duration-ms="3445" started-at="2023-02-22T18:26:18Z" finished-at="2023-02-22T18:26:22Z">
          <reporter-output>
          </reporter-output>
        </test-method> <!-- setup -->
        <test-method status="PASS" signature="MouseHoverTest()[pri:0, instance:testCases.Tc014_MouseHoverTest@b107fd]" name="MouseHoverTest" duration-ms="1432" started-at="2023-02-22T18:26:22Z" finished-at="2023-02-22T18:26:23Z">
          <reporter-output>
          </reporter-output>
        </test-method> <!-- MouseHoverTest -->
      </class> <!-- testCases.Tc014_MouseHoverTest -->
      <class name="testCases.Tc010_FileDownloaderTest">
        <test-method status="PASS" signature="setup()[pri:0, instance:testCases.Tc010_FileDownloaderTest@1965d37]" name="setup" is-config="true" duration-ms="2174" started-at="2023-02-22T18:26:03Z" finished-at="2023-02-22T18:26:06Z">
          <reporter-output>
          </reporter-output>
        </test-method> <!-- setup -->
        <test-method status="PASS" signature="FileDownloaderTest()[pri:0, instance:testCases.Tc010_FileDownloaderTest@1965d37]" name="FileDownloaderTest" duration-ms="501" started-at="2023-02-22T18:26:06Z" finished-at="2023-02-22T18:26:06Z">
          <reporter-output>
          </reporter-output>
        </test-method> <!-- FileDownloaderTest -->
      </class> <!-- testCases.Tc010_FileDownloaderTest -->
      <class name="testCases.Tc018_NotificationMessageTest">
        <test-method status="PASS" signature="setup()[pri:0, instance:testCases.Tc018_NotificationMessageTest@5ed836]" name="setup" is-config="true" duration-ms="3842" started-at="2023-02-22T18:26:41Z" finished-at="2023-02-22T18:26:45Z">
          <reporter-output>
          </reporter-output>
        </test-method> <!-- setup -->
        <test-method status="PASS" signature="NotificationMessageTest()[pri:0, instance:testCases.Tc018_NotificationMessageTest@5ed836]" name="NotificationMessageTest" duration-ms="2777" started-at="2023-02-22T18:26:45Z" finished-at="2023-02-22T18:26:48Z">
          <reporter-output>
          </reporter-output>
        </test-method> <!-- NotificationMessageTest -->
      </class> <!-- testCases.Tc018_NotificationMessageTest -->
      <class name="testCases.Tc012_FloatingMenuTest">
        <test-method status="PASS" signature="setup()[pri:0, instance:testCases.Tc012_FloatingMenuTest@1c465]" name="setup" is-config="true" duration-ms="2728" started-at="2023-02-22T18:26:10Z" finished-at="2023-02-22T18:26:13Z">
          <reporter-output>
          </reporter-output>
        </test-method> <!-- setup -->
        <test-method status="PASS" signature="FloatingMenuTest()[pri:0, instance:testCases.Tc012_FloatingMenuTest@1c465]" name="FloatingMenuTest" duration-ms="569" started-at="2023-02-22T18:26:13Z" finished-at="2023-02-22T18:26:14Z">
          <reporter-output>
          </reporter-output>
        </test-method> <!-- FloatingMenuTest -->
      </class> <!-- testCases.Tc012_FloatingMenuTest -->
      <class name="testCases.Tc008_DynamicControlTest">
        <test-method status="PASS" signature="setup()[pri:0, instance:testCases.Tc008_DynamicControlTest@245833]" name="setup" is-config="true" duration-ms="2777" started-at="2023-02-22T18:24:58Z" finished-at="2023-02-22T18:25:01Z">
          <reporter-output>
          </reporter-output>
        </test-method> <!-- setup -->
        <test-method status="PASS" signature="DynamicControlRemoveAdd()[pri:0, instance:testCases.Tc008_DynamicControlTest@245833]" name="DynamicControlRemoveAdd" duration-ms="17554" started-at="2023-02-22T18:25:01Z" finished-at="2023-02-22T18:25:19Z">
          <reporter-output>
          </reporter-output>
        </test-method> <!-- DynamicControlRemoveAdd -->
      </class> <!-- testCases.Tc008_DynamicControlTest -->
      <class name="testCases.Tc004_contextMenu">
        <test-method status="PASS" signature="setup()[pri:0, instance:testCases.Tc004_contextMenu@80cf32]" name="setup" is-config="true" duration-ms="2057" started-at="2023-02-22T18:24:30Z" finished-at="2023-02-22T18:24:32Z">
          <reporter-output>
          </reporter-output>
        </test-method> <!-- setup -->
        <test-method status="FAIL" signature="contextMenu()[pri:0, instance:testCases.Tc004_contextMenu@80cf32]" name="contextMenu" duration-ms="234" started-at="2023-02-22T18:24:32Z" finished-at="2023-02-22T18:24:32Z">
          <exception class="org.openqa.selenium.UnhandledAlertException">
            <message>
              <![CDATA[unexpected alert open: {Alert text : You selected a context menu}
  (Session info: chrome=110.0.5481.104): You selected a context menu
Build info: version: '3.141.59', revision: 'e82be7d358', time: '2018-11-14T08:17:03'
System info: host: 'DESKTOP-Q3OL5F5', ip: '192.168.2.19', os.name: 'Windows 11', os.arch: 'x86', os.version: '10.0', java.version: '1.8.0_341'
Driver info: org.openqa.selenium.chrome.ChromeDriver
Capabilities {acceptInsecureCerts: false, browserName: chrome, browserVersion: 110.0.5481.104, chrome: {chromedriverVersion: 110.0.5481.77 (65ed616c6e8e..., userDataDir: C:\Users\rarav\AppData\Loca...}, goog:chromeOptions: {debuggerAddress: localhost:58989}, javascriptEnabled: true, networkConnectionEnabled: false, pageLoadStrategy: normal, platform: WINDOWS, platformName: WINDOWS, proxy: Proxy(), setWindowRect: true, strictFileInteractability: false, timeouts: {implicit: 0, pageLoad: 300000, script: 30000}, unhandledPromptBehavior: dismiss and notify, webauthn:extension:credBlob: true, webauthn:extension:largeBlob: true, webauthn:virtualAuthenticators: true}
Session ID: 815b6959bcc53f5140b10c9efce76bf9]]>
            </message>
            <full-stacktrace>
              <![CDATA[org.openqa.selenium.UnhandledAlertException: unexpected alert open: {Alert text : You selected a context menu}
  (Session info: chrome=110.0.5481.104): You selected a context menu
Build info: version: '3.141.59', revision: 'e82be7d358', time: '2018-11-14T08:17:03'
System info: host: 'DESKTOP-Q3OL5F5', ip: '192.168.2.19', os.name: 'Windows 11', os.arch: 'x86', os.version: '10.0', java.version: '1.8.0_341'
Driver info: org.openqa.selenium.chrome.ChromeDriver
Capabilities {acceptInsecureCerts: false, browserName: chrome, browserVersion: 110.0.5481.104, chrome: {chromedriverVersion: 110.0.5481.77 (65ed616c6e8e..., userDataDir: C:\Users\rarav\AppData\Loca...}, goog:chromeOptions: {debuggerAddress: localhost:58989}, javascriptEnabled: true, networkConnectionEnabled: false, pageLoadStrategy: normal, platform: WINDOWS, platformName: WINDOWS, proxy: Proxy(), setWindowRect: true, strictFileInteractability: false, timeouts: {implicit: 0, pageLoad: 300000, script: 30000}, unhandledPromptBehavior: dismiss and notify, webauthn:extension:credBlob: true, webauthn:extension:largeBlob: true, webauthn:virtualAuthenticators: true}
Session ID: 815b6959bcc53f5140b10c9efce76bf9
at org.openqa.selenium.remote.http.W3CHttpResponseCodec.decode(W3CHttpResponseCodec.java:120)
at org.openqa.selenium.remote.http.W3CHttpResponseCodec.decode(W3CHttpResponseCodec.java:49)
at org.openqa.selenium.remote.HttpCommandExecutor.execute(HttpCommandExecutor.java:158)
at org.openqa.selenium.remote.service.DriverCommandExecutor.execute(DriverCommandExecutor.java:83)
at org.openqa.selenium.remote.RemoteWebDriver.execute(RemoteWebDriver.java:552)
at org.openqa.selenium.remote.RemoteWebDriver.execute(RemoteWebDriver.java:609)
at org.openqa.selenium.remote.RemoteWebDriver.getScreenshotAs(RemoteWebDriver.java:295)
at baseClass.baseutils.captureSrceenshot(baseutils.java:50)
at testCases.Tc004_contextMenu.contextMenu(Tc004_contextMenu.java:33)
at sun.reflect.NativeMethodAccessorImpl.invoke0(Native Method)
at sun.reflect.NativeMethodAccessorImpl.invoke(Unknown Source)
at sun.reflect.DelegatingMethodAccessorImpl.invoke(Unknown Source)
at java.lang.reflect.Method.invoke(Unknown Source)
at org.testng.internal.MethodInvocationHelper.invokeMethod(MethodInvocationHelper.java:124)
at org.testng.internal.Invoker.invokeMethod(Invoker.java:583)
at org.testng.internal.Invoker.invokeTestMethod(Invoker.java:719)
at org.testng.internal.Invoker.invokeTestMethods(Invoker.java:989)
at org.testng.internal.TestMethodWorker.invokeTestMethods(TestMethodWorker.java:125)
at org.testng.internal.TestMethodWorker.run(TestMethodWorker.java:109)
at org.testng.TestRunner.privateRun(TestRunner.java:648)
at org.testng.TestRunner.run(TestRunner.java:505)
at org.testng.SuiteRunner.runTest(SuiteRunner.java:455)
at org.testng.SuiteRunner.runSequentially(SuiteRunner.java:450)
at org.testng.SuiteRunner.privateRun(SuiteRunner.java:415)
at org.testng.SuiteRunner.run(SuiteRunner.java:364)
at org.testng.SuiteRunnerWorker.runSuite(SuiteRunnerWorker.java:52)
at org.testng.SuiteRunnerWorker.run(SuiteRunnerWorker.java:84)
at org.testng.TestNG.runSuitesSequentially(TestNG.java:1208)
at org.testng.TestNG.runSuitesLocally(TestNG.java:1137)
at org.testng.TestNG.runSuites(TestNG.java:1049)
at org.testng.TestNG.run(TestNG.java:1017)
at org.apache.maven.surefire.testng.TestNGExecutor.run(TestNGExecutor.java:284)
at org.apache.maven.surefire.testng.TestNGXmlTestSuite.execute(TestNGXmlTestSuite.java:75)
at org.apache.maven.surefire.testng.TestNGProvider.invoke(TestNGProvider.java:119)
at org.apache.maven.surefire.booter.ForkedBooter.runSuitesInProcess(ForkedBooter.java:428)
at org.apache.maven.surefire.booter.ForkedBooter.execute(ForkedBooter.java:162)
at org.apache.maven.surefire.booter.ForkedBooter.run(ForkedBooter.java:562)
at org.apache.maven.surefire.booter.ForkedBooter.main(ForkedBooter.java:548)
]]>
            </full-stacktrace>
          </exception> <!-- org.openqa.selenium.UnhandledAlertException -->
          <reporter-output>
          </reporter-output>
        </test-method> <!-- contextMenu -->
      </class> <!-- testCases.Tc004_contextMenu -->
      <class name="testCases.Tc013_iframeTest">
        <test-method status="PASS" signature="setup()[pri:0, instance:testCases.Tc013_iframeTest@1799640]" name="setup" is-config="true" duration-ms="3556" started-at="2023-02-22T18:26:14Z" finished-at="2023-02-22T18:26:17Z">
          <reporter-output>
          </reporter-output>
        </test-method> <!-- setup -->
        <test-method status="PASS" signature="iframeTest()[pri:0, instance:testCases.Tc013_iframeTest@1799640]" name="iframeTest" duration-ms="845" started-at="2023-02-22T18:26:17Z" finished-at="2023-02-22T18:26:18Z">
          <reporter-output>
          </reporter-output>
        </test-method> <!-- iframeTest -->
      </class> <!-- testCases.Tc013_iframeTest -->
      <class name="testCases.Tc006_DropDownTest">
        <test-method status="PASS" signature="setup()[pri:0, instance:testCases.Tc006_DropDownTest@101b95f]" name="setup" is-config="true" duration-ms="4779" started-at="2023-02-22T18:24:36Z" finished-at="2023-02-22T18:24:41Z">
          <reporter-output>
          </reporter-output>
        </test-method> <!-- setup -->
        <test-method status="PASS" signature="DropDownTest()[pri:0, instance:testCases.Tc006_DropDownTest@101b95f]" name="DropDownTest" duration-ms="6437" started-at="2023-02-22T18:24:41Z" finished-at="2023-02-22T18:24:47Z">
          <reporter-output>
          </reporter-output>
        </test-method> <!-- DropDownTest -->
      </class> <!-- testCases.Tc006_DropDownTest -->
      <class name="testCases.Tc005_dragDropTest">
        <test-method status="PASS" signature="setup()[pri:0, instance:testCases.Tc005_dragDropTest@1900ecf]" name="setup" is-config="true" duration-ms="2157" started-at="2023-02-22T18:24:32Z" finished-at="2023-02-22T18:24:34Z">
          <reporter-output>
          </reporter-output>
        </test-method> <!-- setup -->
        <test-method status="PASS" signature="dragDropTest()[pri:0, instance:testCases.Tc005_dragDropTest@1900ecf]" name="dragDropTest" duration-ms="1878" started-at="2023-02-22T18:24:34Z" finished-at="2023-02-22T18:24:36Z">
          <reporter-output>
          </reporter-output>
        </test-method> <!-- dragDropTest -->
      </class> <!-- testCases.Tc005_dragDropTest -->
      <class name="testCases.Tc001_LoginSuccess">
        <test-method status="PASS" signature="setup()[pri:0, instance:testCases.Tc001_LoginSuccess@1695b06]" name="setup" is-config="true" duration-ms="2927" started-at="2023-02-22T18:24:20Z" finished-at="2023-02-22T18:24:23Z">
          <reporter-output>
          </reporter-output>
        </test-method> <!-- setup -->
        <test-method status="PASS" signature="LoginSuccess()[pri:0, instance:testCases.Tc001_LoginSuccess@1695b06]" name="LoginSuccess" duration-ms="1035" started-at="2023-02-22T18:24:23Z" finished-at="2023-02-22T18:24:24Z">
          <reporter-output>
          </reporter-output>
        </test-method> <!-- LoginSuccess -->
      </class> <!-- testCases.Tc001_LoginSuccess -->
      <class name="testCases.Tc016_JavaSriptErrorTest">
        <test-method status="PASS" signature="setup()[pri:0, instance:testCases.Tc016_JavaSriptErrorTest@1e8f619]" name="setup" is-config="true" duration-ms="5521" started-at="2023-02-22T18:26:28Z" finished-at="2023-02-22T18:26:34Z">
          <reporter-output>
          </reporter-output>
        </test-method> <!-- setup -->
        <test-method status="FAIL" signature="JavaSriptErrorTest()[pri:0, instance:testCases.Tc016_JavaSriptErrorTest@1e8f619]" name="JavaSriptErrorTest" duration-ms="214" started-at="2023-02-22T18:26:34Z" finished-at="2023-02-22T18:26:34Z">
          <exception class="java.lang.AssertionError">
            <message>
              <![CDATA[expected [Cannot read property 'xyz' of undefined.] but found [This page has a JavaScript error in the onload event. This is often a problem to using normal Javascript injection techniques.]]]>
            </message>
            <full-stacktrace>
              <![CDATA[java.lang.AssertionError: expected [Cannot read property 'xyz' of undefined.] but found [This page has a JavaScript error in the onload event. This is often a problem to using normal Javascript injection techniques.]
at org.testng.Assert.fail(Assert.java:96)
at org.testng.Assert.failNotEquals(Assert.java:776)
at org.testng.Assert.assertEqualsImpl(Assert.java:137)
at org.testng.Assert.assertEquals(Assert.java:118)
at org.testng.Assert.assertEquals(Assert.java:453)
at org.testng.Assert.assertEquals(Assert.java:463)
at testCases.Tc016_JavaSriptErrorTest.JavaSriptErrorTest(Tc016_JavaSriptErrorTest.java:30)
at sun.reflect.NativeMethodAccessorImpl.invoke0(Native Method)
at sun.reflect.NativeMethodAccessorImpl.invoke(Unknown Source)
at sun.reflect.DelegatingMethodAccessorImpl.invoke(Unknown Source)
at java.lang.reflect.Method.invoke(Unknown Source)
at org.testng.internal.MethodInvocationHelper.invokeMethod(MethodInvocationHelper.java:124)
at org.testng.internal.Invoker.invokeMethod(Invoker.java:583)
at org.testng.internal.Invoker.invokeTestMethod(Invoker.java:719)
at org.testng.internal.Invoker.invokeTestMethods(Invoker.java:989)
at org.testng.internal.TestMethodWorker.invokeTestMethods(TestMethodWorker.java:125)
at org.testng.internal.TestMethodWorker.run(TestMethodWorker.java:109)
at org.testng.TestRunner.privateRun(TestRunner.java:648)
at org.testng.TestRunner.run(TestRunner.java:505)
at org.testng.SuiteRunner.runTest(SuiteRunner.java:455)
at org.testng.SuiteRunner.runSequentially(SuiteRunner.java:450)
at org.testng.SuiteRunner.privateRun(SuiteRunner.java:415)
at org.testng.SuiteRunner.run(SuiteRunner.java:364)
at org.testng.SuiteRunnerWorker.runSuite(SuiteRunnerWorker.java:52)
at org.testng.SuiteRunnerWorker.run(SuiteRunnerWorker.java:84)
at org.testng.TestNG.runSuitesSequentially(TestNG.java:1208)
at org.testng.TestNG.runSuitesLocally(TestNG.java:1137)
at org.testng.TestNG.runSuites(TestNG.java:1049)
at org.testng.TestNG.run(TestNG.java:1017)
at org.apache.maven.surefire.testng.TestNGExecutor.run(TestNGExecutor.java:284)
at org.apache.maven.surefire.testng.TestNGXmlTestSuite.execute(TestNGXmlTestSuite.java:75)
at org.apache.maven.surefire.testng.TestNGProvider.invoke(TestNGProvider.java:119)
at org.apache.maven.surefire.booter.ForkedBooter.runSuitesInProcess(ForkedBooter.java:428)
at org.apache.maven.surefire.booter.ForkedBooter.execute(ForkedBooter.java:162)
at org.apache.maven.surefire.booter.ForkedBooter.run(ForkedBooter.java:562)
at org.apache.maven.surefire.booter.ForkedBooter.main(ForkedBooter.java:548)
]]>
            </full-stacktrace>
          </exception> <!-- java.lang.AssertionError -->
          <reporter-output>
          </reporter-output>
        </test-method> <!-- JavaSriptErrorTest -->
      </class> <!-- testCases.Tc016_JavaSriptErrorTest -->
      <class name="testCases.Tc003_Checkboxes">
        <test-method status="PASS" signature="setup()[pri:0, instance:testCases.Tc003_Checkboxes@f53b8a]" name="setup" is-config="true" duration-ms="2108" started-at="2023-02-22T18:24:27Z" finished-at="2023-02-22T18:24:29Z">
          <reporter-output>
          </reporter-output>
        </test-method> <!-- setup -->
        <test-method status="PASS" signature="checkbox()[pri:0, instance:testCases.Tc003_Checkboxes@f53b8a]" name="checkbox" duration-ms="534" started-at="2023-02-22T18:24:29Z" finished-at="2023-02-22T18:24:30Z">
          <reporter-output>
          </reporter-output>
        </test-method> <!-- checkbox -->
      </class> <!-- testCases.Tc003_Checkboxes -->
      <class name="testCases.Tc009_DynamicLoadTest">
        <test-method status="PASS" signature="setup()[pri:0, instance:testCases.Tc009_DynamicLoadTest@13fdbce]" name="setup" is-config="true" duration-ms="3004" started-at="2023-02-22T18:25:19Z" finished-at="2023-02-22T18:25:22Z">
          <reporter-output>
          </reporter-output>
        </test-method> <!-- setup -->
        <test-method status="FAIL" signature="DynamicLoadTest()[pri:0, instance:testCases.Tc009_DynamicLoadTest@13fdbce]" name="DynamicLoadTest" duration-ms="41598" started-at="2023-02-22T18:25:22Z" finished-at="2023-02-22T18:26:03Z">
          <exception class="org.openqa.selenium.TimeoutException">
            <message>
              <![CDATA[Expected condition failed: waiting for visibility of Proxy element for: DefaultElementLocator 'By.xpath: //div[@id='finish']' (tried for 30 second(s) with 500 milliseconds interval)]]>
            </message>
            <full-stacktrace>
              <![CDATA[org.openqa.selenium.TimeoutException: Expected condition failed: waiting for visibility of Proxy element for: DefaultElementLocator 'By.xpath: //div[@id='finish']' (tried for 30 second(s) with 500 milliseconds interval)
at org.openqa.selenium.support.ui.WebDriverWait.timeoutException(WebDriverWait.java:95)
at org.openqa.selenium.support.ui.FluentWait.until(FluentWait.java:272)
at baseClass.baseutils.waitForElement(baseutils.java:159)
at pageObjects.DynamicLoadPage.dynamicLoad(DynamicLoadPage.java:34)
at testCases.Tc009_DynamicLoadTest.DynamicLoadTest(Tc009_DynamicLoadTest.java:30)
at sun.reflect.NativeMethodAccessorImpl.invoke0(Native Method)
at sun.reflect.NativeMethodAccessorImpl.invoke(Unknown Source)
at sun.reflect.DelegatingMethodAccessorImpl.invoke(Unknown Source)
at java.lang.reflect.Method.invoke(Unknown Source)
at org.testng.internal.MethodInvocationHelper.invokeMethod(MethodInvocationHelper.java:124)
at org.testng.internal.Invoker.invokeMethod(Invoker.java:583)
at org.testng.internal.Invoker.invokeTestMethod(Invoker.java:719)
at org.testng.internal.Invoker.invokeTestMethods(Invoker.java:989)
at org.testng.internal.TestMethodWorker.invokeTestMethods(TestMethodWorker.java:125)
at org.testng.internal.TestMethodWorker.run(TestMethodWorker.java:109)
at org.testng.TestRunner.privateRun(TestRunner.java:648)
at org.testng.TestRunner.run(TestRunner.java:505)
at org.testng.SuiteRunner.runTest(SuiteRunner.java:455)
at org.testng.SuiteRunner.runSequentially(SuiteRunner.java:450)
at org.testng.SuiteRunner.privateRun(SuiteRunner.java:415)
at org.testng.SuiteRunner.run(SuiteRunner.java:364)
at org.testng.SuiteRunnerWorker.runSuite(SuiteRunnerWorker.java:52)
at org.testng.SuiteRunnerWorker.run(SuiteRunnerWorker.java:84)
at org.testng.TestNG.runSuitesSequentially(TestNG.java:1208)
at org.testng.TestNG.runSuitesLocally(TestNG.java:1137)
at org.testng.TestNG.runSuites(TestNG.java:1049)
at org.testng.TestNG.run(TestNG.java:1017)
at org.apache.maven.surefire.testng.TestNGExecutor.run(TestNGExecutor.java:284)
at org.apache.maven.surefire.testng.TestNGXmlTestSuite.execute(TestNGXmlTestSuite.java:75)
at org.apache.maven.surefire.testng.TestNGProvider.invoke(TestNGProvider.java:119)
at org.apache.maven.surefire.booter.ForkedBooter.runSuitesInProcess(ForkedBooter.java:428)
at org.apache.maven.surefire.booter.ForkedBooter.execute(ForkedBooter.java:162)
at org.apache.maven.surefire.booter.ForkedBooter.run(ForkedBooter.java:562)
at org.apache.maven.surefire.booter.ForkedBooter.main(ForkedBooter.java:548)
Caused by: org.openqa.selenium.NoSuchElementException: no such element: Unable to locate element: {"method":"xpath","selector":"//div[@id='finish']"}
  (Session info: chrome=110.0.5481.104)
For documentation on this error, please visit: https://www.seleniumhq.org/exceptions/no_such_element.html
Build info: version: '3.141.59', revision: 'e82be7d358', time: '2018-11-14T08:17:03'
System info: host: 'DESKTOP-Q3OL5F5', ip: '192.168.2.19', os.name: 'Windows 11', os.arch: 'x86', os.version: '10.0', java.version: '1.8.0_341'
Driver info: org.openqa.selenium.chrome.ChromeDriver
Capabilities {acceptInsecureCerts: false, browserName: chrome, browserVersion: 110.0.5481.104, chrome: {chromedriverVersion: 110.0.5481.77 (65ed616c6e8e..., userDataDir: C:\Users\rarav\AppData\Loca...}, goog:chromeOptions: {debuggerAddress: localhost:59089}, javascriptEnabled: true, networkConnectionEnabled: false, pageLoadStrategy: normal, platform: WINDOWS, platformName: WINDOWS, proxy: Proxy(), setWindowRect: true, strictFileInteractability: false, timeouts: {implicit: 0, pageLoad: 300000, script: 30000}, unhandledPromptBehavior: dismiss and notify, webauthn:extension:credBlob: true, webauthn:extension:largeBlob: true, webauthn:virtualAuthenticators: true}
Session ID: ddbe8323152ff7d2240d14b02daf1132
*** Element info: {Using=xpath, value=//div[@id='finish']}
at sun.reflect.NativeConstructorAccessorImpl.newInstance0(Native Method)
at sun.reflect.NativeConstructorAccessorImpl.newInstance(Unknown Source)
at sun.reflect.DelegatingConstructorAccessorImpl.newInstance(Unknown Source)
at java.lang.reflect.Constructor.newInstance(Unknown Source)
at org.openqa.selenium.remote.http.W3CHttpResponseCodec.createException(W3CHttpResponseCodec.java:187)
at org.openqa.selenium.remote.http.W3CHttpResponseCodec.decode(W3CHttpResponseCodec.java:122)
at org.openqa.selenium.remote.http.W3CHttpResponseCodec.decode(W3CHttpResponseCodec.java:49)
at org.openqa.selenium.remote.HttpCommandExecutor.execute(HttpCommandExecutor.java:158)
at org.openqa.selenium.remote.service.DriverCommandExecutor.execute(DriverCommandExecutor.java:83)
at org.openqa.selenium.remote.RemoteWebDriver.execute(RemoteWebDriver.java:552)
at org.openqa.selenium.remote.RemoteWebDriver.findElement(RemoteWebDriver.java:323)
at org.openqa.selenium.remote.RemoteWebDriver.findElementByXPath(RemoteWebDriver.java:428)
at org.openqa.selenium.By$ByXPath.findElement(By.java:353)
at org.openqa.selenium.remote.RemoteWebDriver.findElement(RemoteWebDriver.java:315)
at org.openqa.selenium.support.pagefactory.DefaultElementLocator.findElement(DefaultElementLocator.java:69)
at org.openqa.selenium.support.pagefactory.internal.LocatingElementHandler.invoke(LocatingElementHandler.java:38)
at com.sun.proxy.$Proxy22.isDisplayed(Unknown Source)
at org.openqa.selenium.support.ui.ExpectedConditions.elementIfVisible(ExpectedConditions.java:314)
at org.openqa.selenium.support.ui.ExpectedConditions.access$000(ExpectedConditions.java:43)
at org.openqa.selenium.support.ui.ExpectedConditions$10.apply(ExpectedConditions.java:300)
at org.openqa.selenium.support.ui.ExpectedConditions$10.apply(ExpectedConditions.java:297)
at org.openqa.selenium.support.ui.FluentWait.until(FluentWait.java:249)
... 32 more
]]>
            </full-stacktrace>
          </exception> <!-- org.openqa.selenium.TimeoutException -->
          <reporter-output>
          </reporter-output>
        </test-method> <!-- DynamicLoadTest -->
      </class> <!-- testCases.Tc009_DynamicLoadTest -->
      <class name="testCases.Tc007_DynamicContentTest">
        <test-method status="PASS" signature="setup()[pri:0, instance:testCases.Tc007_DynamicContentTest@7f65e]" name="setup" is-config="true" duration-ms="8017" started-at="2023-02-22T18:24:47Z" finished-at="2023-02-22T18:24:55Z">
          <reporter-output>
          </reporter-output>
        </test-method> <!-- setup -->
        <test-method status="FAIL" signature="DynamicContentTest1()[pri:0, instance:testCases.Tc007_DynamicContentTest@7f65e]" name="DynamicContentTest1" duration-ms="3095" started-at="2023-02-22T18:24:55Z" finished-at="2023-02-22T18:24:58Z">
          <exception class="java.lang.AssertionError">
            <message>
              <![CDATA[Content matches before and after refresh expected [false] but found [true]]]>
            </message>
            <full-stacktrace>
              <![CDATA[java.lang.AssertionError: Content matches before and after refresh expected [false] but found [true]
at org.testng.Assert.fail(Assert.java:96)
at org.testng.Assert.failNotEquals(Assert.java:776)
at org.testng.Assert.assertFalse(Assert.java:65)
at testCases.Tc007_DynamicContentTest.DynamicContentTest1(Tc007_DynamicContentTest.java:41)
at sun.reflect.NativeMethodAccessorImpl.invoke0(Native Method)
at sun.reflect.NativeMethodAccessorImpl.invoke(Unknown Source)
at sun.reflect.DelegatingMethodAccessorImpl.invoke(Unknown Source)
at java.lang.reflect.Method.invoke(Unknown Source)
at org.testng.internal.MethodInvocationHelper.invokeMethod(MethodInvocationHelper.java:124)
at org.testng.internal.Invoker.invokeMethod(Invoker.java:583)
at org.testng.internal.Invoker.invokeTestMethod(Invoker.java:719)
at org.testng.internal.Invoker.invokeTestMethods(Invoker.java:989)
at org.testng.internal.TestMethodWorker.invokeTestMethods(TestMethodWorker.java:125)
at org.testng.internal.TestMethodWorker.run(TestMethodWorker.java:109)
at org.testng.TestRunner.privateRun(TestRunner.java:648)
at org.testng.TestRunner.run(TestRunner.java:505)
at org.testng.SuiteRunner.runTest(SuiteRunner.java:455)
at org.testng.SuiteRunner.runSequentially(SuiteRunner.java:450)
at org.testng.SuiteRunner.privateRun(SuiteRunner.java:415)
at org.testng.SuiteRunner.run(SuiteRunner.java:364)
at org.testng.SuiteRunnerWorker.runSuite(SuiteRunnerWorker.java:52)
at org.testng.SuiteRunnerWorker.run(SuiteRunnerWorker.java:84)
at org.testng.TestNG.runSuitesSequentially(TestNG.java:1208)
at org.testng.TestNG.runSuitesLocally(TestNG.java:1137)
at org.testng.TestNG.runSuites(TestNG.java:1049)
at org.testng.TestNG.run(TestNG.java:1017)
at org.apache.maven.surefire.testng.TestNGExecutor.run(TestNGExecutor.java:284)
at org.apache.maven.surefire.testng.TestNGXmlTestSuite.execute(TestNGXmlTestSuite.java:75)
at org.apache.maven.surefire.testng.TestNGProvider.invoke(TestNGProvider.java:119)
at org.apache.maven.surefire.booter.ForkedBooter.runSuitesInProcess(ForkedBooter.java:428)
at org.apache.maven.surefire.booter.ForkedBooter.execute(ForkedBooter.java:162)
at org.apache.maven.surefire.booter.ForkedBooter.run(ForkedBooter.java:562)
at org.apache.maven.surefire.booter.ForkedBooter.main(ForkedBooter.java:548)
]]>
            </full-stacktrace>
          </exception> <!-- java.lang.AssertionError -->
          <reporter-output>
          </reporter-output>
        </test-method> <!-- DynamicContentTest1 -->
      </class> <!-- testCases.Tc007_DynamicContentTest -->
      <class name="testCases.Tc011_FileUploadTest">
        <test-method status="PASS" signature="setup()[pri:0, instance:testCases.Tc011_FileUploadTest@5ceedd]" name="setup" is-config="true" duration-ms="3188" started-at="2023-02-22T18:26:06Z" finished-at="2023-02-22T18:26:09Z">
          <reporter-output>
          </reporter-output>
        </test-method> <!-- setup -->
        <test-method status="PASS" signature="FileUploadTest()[pri:0, instance:testCases.Tc011_FileUploadTest@5ceedd]" name="FileUploadTest" duration-ms="1113" started-at="2023-02-22T18:26:09Z" finished-at="2023-02-22T18:26:10Z">
          <reporter-output>
          </reporter-output>
        </test-method> <!-- FileUploadTest -->
      </class> <!-- testCases.Tc011_FileUploadTest -->
      <class name="testCases.Tc017_windowsTest">
        <test-method status="PASS" signature="setup()[pri:0, instance:testCases.Tc017_windowsTest@b4bc72]" name="setup" is-config="true" duration-ms="6311" started-at="2023-02-22T18:26:34Z" finished-at="2023-02-22T18:26:40Z">
          <reporter-output>
          </reporter-output>
        </test-method> <!-- setup -->
        <test-method status="PASS" signature="windowsTest()[pri:0, instance:testCases.Tc017_windowsTest@b4bc72]" name="windowsTest" duration-ms="892" started-at="2023-02-22T18:26:40Z" finished-at="2023-02-22T18:26:41Z">
          <reporter-output>
          </reporter-output>
        </test-method> <!-- windowsTest -->
      </class> <!-- testCases.Tc017_windowsTest -->
    </test> <!-- Test -->
  </suite> <!-- FunctionalSuite -->
</testng-results>
