<?xml version="1.0" encoding="UTF-8"?>
<testng-results skipped="0" failed="1" ignored="0" total="3" passed="2">
  <reporter-output>
  </reporter-output>
  <suite name="Default suite" duration-ms="8852" started-at="2023-02-22T18:15:52Z" finished-at="2023-02-22T18:16:01Z">
    <groups>
    </groups>
    <test name="Default test" duration-ms="8852" started-at="2023-02-22T18:15:52Z" finished-at="2023-02-22T18:16:01Z">
      <class name="testCases.Tc007_DynamicContentTest">
        <test-method status="PASS" signature="setup()[pri:0, instance:testCases.Tc007_DynamicContentTest@182859e]" name="setup" is-config="true" duration-ms="3082" started-at="2023-02-22T18:15:52Z" finished-at="2023-02-22T18:15:55Z">
          <reporter-output>
          </reporter-output>
        </test-method> <!-- setup -->
        <test-method status="PASS" signature="DynamicContentTest1()[pri:1, instance:testCases.Tc007_DynamicContentTest@182859e]" name="DynamicContentTest1" duration-ms="829" started-at="2023-02-22T18:15:55Z" finished-at="2023-02-22T18:15:56Z">
          <reporter-output>
          </reporter-output>
        </test-method> <!-- DynamicContentTest1 -->
        <test-method status="FAIL" signature="DynamicContentTest2()[pri:2, instance:testCases.Tc007_DynamicContentTest@182859e]" name="DynamicContentTest2" duration-ms="2320" started-at="2023-02-22T18:15:56Z" finished-at="2023-02-22T18:15:58Z">
          <exception class="java.lang.AssertionError">
            <message>
              <![CDATA[Content matches before and after refresh expected [false] but found [true]]]>
            </message>
            <full-stacktrace>
              <![CDATA[java.lang.AssertionError: Content matches before and after refresh expected [false] but found [true]
at org.testng.Assert.fail(Assert.java:96)
at org.testng.Assert.failNotEquals(Assert.java:776)
at org.testng.Assert.assertFalse(Assert.java:65)
at testCases.Tc007_DynamicContentTest.DynamicContentTest2(Tc007_DynamicContentTest.java:45)
at sun.reflect.NativeMethodAccessorImpl.invoke0(Native Method)
at sun.reflect.NativeMethodAccessorImpl.invoke(Unknown Source)
at sun.reflect.DelegatingMethodAccessorImpl.invoke(Unknown Source)
at java.lang.reflect.Method.invoke(Unknown Source)
at org.testng.internal.MethodInvocationHelper.invokeMethod(MethodInvocationHelper.java:124)
at org.testng.internal.Invoker.invokeMethod(Invoker.java:583)
at org.testng.internal.Invoker.invokeTestMethod(Invoker.java:719)
at org.testng.internal.Invoker.invokeTestMethods(Invoker.java:989)
at org.testng.internal.TestMethodWorker.invokeTestMethods(TestMethodWorker.java:125)
at org.testng.internal.TestMethodWorker.run(TestMethodWorker.java:109)
at org.testng.TestRunner.privateRun(TestRunner.java:648)
at org.testng.TestRunner.run(TestRunner.java:505)
at org.testng.SuiteRunner.runTest(SuiteRunner.java:455)
at org.testng.SuiteRunner.runSequentially(SuiteRunner.java:450)
at org.testng.SuiteRunner.privateRun(SuiteRunner.java:415)
at org.testng.SuiteRunner.run(SuiteRunner.java:364)
at org.testng.SuiteRunnerWorker.runSuite(SuiteRunnerWorker.java:52)
at org.testng.SuiteRunnerWorker.run(SuiteRunnerWorker.java:84)
at org.testng.TestNG.runSuitesSequentially(TestNG.java:1208)
at org.testng.TestNG.runSuitesLocally(TestNG.java:1137)
at org.testng.TestNG.runSuites(TestNG.java:1049)
at org.testng.TestNG.run(TestNG.java:1017)
at org.testng.remote.AbstractRemoteTestNG.run(AbstractRemoteTestNG.java:115)
at org.testng.remote.RemoteTestNG.initAndRun(RemoteTestNG.java:251)
at org.testng.remote.RemoteTestNG.main(RemoteTestNG.java:77)
]]>
            </full-stacktrace>
          </exception> <!-- java.lang.AssertionError -->
          <reporter-output>
          </reporter-output>
        </test-method> <!-- DynamicContentTest2 -->
        <test-method status="PASS" signature="DynamicContentTest3()[pri:3, instance:testCases.Tc007_DynamicContentTest@182859e]" name="DynamicContentTest3" duration-ms="2566" started-at="2023-02-22T18:15:58Z" finished-at="2023-02-22T18:16:01Z">
          <reporter-output>
          </reporter-output>
        </test-method> <!-- DynamicContentTest3 -->
      </class> <!-- testCases.Tc007_DynamicContentTest -->
    </test> <!-- Default test -->
  </suite> <!-- Default suite -->
</testng-results>
